make all --print-data-base --no-builtin-variables --no-builtin-rules --question
# GNU Make 3.81
# Copyright (C) 2006  Free Software Foundation, Inc.
# This is free software; see the source for copying conditions.
# There is NO warranty; not even for MERCHANTABILITY or FITNESS FOR A
# PARTICULAR PURPOSE.

# This program built for i386-apple-darwin11.3.0
 
make: *** No rule to make target `all'.  Stop.


# Make data base, printed on Tue May 24 18:23:38 2022

# Variables

# automatic
<D = $(patsubst %/,%,$(dir $<))
# automatic
 
?F = $(notdir $?)
# environment
VSCODE_LOG_NATIVE = false
# automatic
?D = $(patsubst %/,%,$(dir $?))
# automatic
@D = $(patsubst %/,%,$(dir $@))
# automatic
@F = $(notdir $@)
# makefile
CURDIR := /Users/meryllcruz/5300-Giraffe-1
# makefile
SHELL = /bin/sh
# environment
VSCODE_NLS_CONFIG = {"locale":"en-us","availableLanguages":{},"_languagePackSupport":true}
# environment
_ = /usr/bin/make
# makefile (from `Makefile', line 4)
COURSE = /usr/local/db6
# makefile (from `Makefile', line 18)
HEAP_STORAGE_H = heap_storage.h SlottedPage.h HeapFile.h HeapTable.h storage_engine.h
# makefile (from `Makefile', line 1)
MAKEFILE_LIST :=  Makefile
# makefile (from `Makefile', line 6)
LIB_DIR = $(COURSE)/lib
# environment
VSCODE_VERBOSE_LOGGING = true
# environment
__CFBundleIdentifier = com.microsoft.VSCode
# environment
VSCODE_IPC_HOOK_EXTHOST = /var/folders/81/55m8pdr50s9244ny1plswzg00000gn/T/vscode-ipc-0f28586c-ceb4-43ee-82cd-1fefdcfbf9ce.sock
# environment
VSCODE_CWD = /
# environment
PATH = /Users/meryllcruz/opt/anaconda3/bin:/Users/meryllcruz/opt/anaconda3/condabin:/Library/Frameworks/Python.framework/Versions/3.10/bin:/usr/local/bin:/usr/bin:/bin:/usr/sbin:/sbin:/usr/local/share/dotnet:~/.dotnet/tools:/Library/Apple/usr/bin:/Library/Frameworks/Mono.framework/Versions/Current/Commands:/Users/meryllcruz/.cargo/bin
# makefile (from `Makefile', line 5)
INCLUDE_DIR = $(COURSE)/include
# environment
VSCODE_LOG_STACK = false
# environment
ELECTRON_RUN_AS_NODE = 1
# default
.FEATURES := target-specific order-only second-expansion else-if archives jobserver check-symlink
# environment
SSH_AUTH_SOCK = /private/tmp/com.apple.launchd.hHbPgaNDtz/Listeners
# automatic
%F = $(notdir $%)
# environment
CONDA_EXE = /Users/meryllcruz/opt/anaconda3/bin/conda
# environment
VSCODE_PIPE_LOGGING = true
# makefile (from `Makefile', line 9)
OBJS = sql5300.o SlottedPage.o HeapFile.o HeapTable.o ParseTreeToString.o SQLExec.o schema_tables.o storage_engine.o
# environment
PWD = /Users/meryllcruz/5300-Giraffe-1
# makefile (from `Makefile', line 19)
SCHEMA_TABLES_H = schema_tables.h $(HEAP_STORAGE_H)
# environment
ORIGINAL_XDG_CURRENT_DESKTOP = undefined
# environment
VSCODE_AMD_ENTRYPOINT = vs/workbench/api/node/extensionHostProcess
# environment
HOME = /Users/meryllcruz
# default
MAKEFILEPATH := /Applications/Xcode.app/Contents/Developer/Makefiles
# environment
VSCODE_CODE_CACHE_PATH = /Users/meryllcruz/Library/Application Support/Code/CachedData/c3511e6c69bb39013c4a4b7b9566ec1ca73fc4d5
# environment
LOGNAME = meryllcruz
# environment
APPLICATION_INSIGHTS_NO_DIAGNOSTIC_CHANNEL = 1
# environment
CONDA_PROMPT_MODIFIER = (base) 
# environment
VSCODE_HANDLES_UNCAUGHT_ERRORS = true
# automatic
^D = $(patsubst %/,%,$(dir $^))
# environment
CONDA_DEFAULT_ENV = base
 
# environment
XPC_FLAGS = 0x0
# default
MAKE = $(MAKE_COMMAND)
# default
MAKECMDGOALS := all
# environment
SHLVL = 1
# default
MAKE_VERSION := 3.81
# environment
USER = meryllcruz
# makefile
.DEFAULT_GOAL := sql5300
# makefile (from `Makefile', line 3)
CCFLAGS = -std=c++11 -std=c++0x -Wall -Wno-c++11-compat -DHAVE_CXX_STDHEADERS -D_GNU_SOURCE -D_REENTRANT -O3 -c -ggdb
# automatic
%D = $(patsubst %/,%,$(dir $%))
# environment
CONDA_SHLVL = 1
# default
MAKE_COMMAND := /Applications/Xcode.app/Contents/Developer/usr/bin/make
# default
.VARIABLES := 
# environment
TMPDIR = /var/folders/81/55m8pdr50s9244ny1plswzg00000gn/T/
# automatic
*F = $(notdir $*)
# environment
VSCODE_IPC_HOOK = /Users/meryllcruz/Library/Application Support/Code/1.67.2-main.sock
# makefile
MAKEFLAGS = Rrqp
# environment
MFLAGS = -Rrqp
# automatic
*D = $(patsubst %/,%,$(dir $*))
# environment
XPC_SERVICE_NAME = application.com.microsoft.VSCode.56470693.56470699
# automatic
+D = $(patsubst %/,%,$(dir $+))
# automatic
+F = $(notdir $+)
# environment
__CF_USER_TEXT_ENCODING = 0x1F5:0x0:0x0
# environment
COMMAND_MODE = unix2003
# default
MAKEFILES := 
# automatic
<F = $(notdir $<)
# environment
LC_ALL = C
# environment
CONDA_PYTHON_EXE = /Users/meryllcruz/opt/anaconda3/bin/python
# automatic
^F = $(notdir $^)
# makefile (from `Makefile', line 20)
SQLEXEC_H = SQLExec.h $(SCHEMA_TABLES_H)
# default
SUFFIXES := 
# environment
_CE_M = 
# default
.INCLUDE_DIRS = /usr/local/include
# environment
MAKELEVEL := 0
# environment
CONDA_PREFIX = /Users/meryllcruz/opt/anaconda3
# environment
VSCODE_PID = 6690
# environment
_CE_CONDA = 
 
# environment
LANG = C
# variable set hash-table stats:
# Load=78/1024=8%, Rehash=0, Collisions=6/111=5%

# Pattern-specific Variable Values

# No pattern-specific variable values.

# Directories

# . (device 16777220, inode 60465619): 29 files, no impossibilities.

# 29 files, no impossibilities in 1 directories.

# Implicit Rules

%.o: %.cpp
#  commands to execute (from `Makefile', line 32):
	g++ -I$(INCLUDE_DIR) $(CCFLAGS) -o "$@" "$<"
	

# 1 implicit rules, 0 (0.0%) terminal.

# Files

HeapFile.o: HeapFile.h SlottedPage.h
#  Implicit rule search has not been done.
#  Modification time never checked.
#  File has not been updated.

# Not a target:
storage_engine.h:
#  Implicit rule search has not been done.
#  Modification time never checked.
#  File has not been updated.

# Not a target:
all:
#  Command-line target.
#  Implicit rule search has been done.
#  File does not exist.
#  File has not been updated.
# variable set hash-table stats:
# Load=0/32=0%, Rehash=0, Collisions=0/0=0%

sql5300: sql5300.o SlottedPage.o HeapFile.o HeapTable.o ParseTreeToString.o SQLExec.o schema_tables.o storage_engine.o
#  Implicit rule search has not been done.
#  Modification time never checked.
#  File has not been updated.
#  commands to execute (from `Makefile', line 14):
	g++ -L$(LIB_DIR) -o $@ $(OBJS) -ldb_cxx -lsqlparser
	

# Not a target:
ParseTreeToString.h:
#  Implicit rule search has not been done.
#  Modification time never checked.
#  File has not been updated.

sql5300.o: SQLExec.h schema_tables.h heap_storage.h SlottedPage.h HeapFile.h HeapTable.h storage_engine.h ParseTreeToString.h
#  Implicit rule search has not been done.
#  Modification time never checked.
#  File has not been updated.

# Not a target:
.SUFFIXES:
#  Implicit rule search has not been done.
#  Modification time never checked.
#  File has not been updated.

# Not a target:
Makefile:
#  Implicit rule search has been done.
#  Last modified 2022-05-24 18:23:32
#  File has been updated.
#  Successfully updated.
# variable set hash-table stats:
# Load=0/32=0%, Rehash=0, Collisions=0/0=0%

HeapTable.o: heap_storage.h SlottedPage.h HeapFile.h HeapTable.h storage_engine.h
#  Implicit rule search has not been done.
#  Modification time never checked.
#  File has not been updated.

SQLExec.o: SQLExec.h schema_tables.h heap_storage.h SlottedPage.h HeapFile.h HeapTable.h storage_engine.h
#  Implicit rule search has not been done.
#  Modification time never checked.
#  File has not been updated.

SlottedPage.o: SlottedPage.h
#  Implicit rule search has not been done.
#  Modification time never checked.
#  File has not been updated.

schema_tables.o: ParseTreeToString.h
#  Implicit rule search has not been done.
#  Modification time never checked.
#  File has not been updated.

# Not a target:
HeapFile.h:
#  Implicit rule search has not been done.
#  Modification time never checked.
#  File has not been updated.

storage_engine.o: storage_engine.h
#  Implicit rule search has not been done.
#  Modification time never checked.
#  File has not been updated.

# Not a target:
.DEFAULT:
#  Implicit rule search has not been done.
#  Modification time never checked.
#  File has not been updated.

clean:
#  Implicit rule search has not been done.
#  Modification time never checked.
#  File has not been updated.
#  commands to execute (from `Makefile', line 37):
	rm -f sql5300 *.o
	

# Not a target:
heap_storage.h:
#  Implicit rule search has not been done.
#  Modification time never checked.
#  File has not been updated.

ParseTreeToString.o: ParseTreeToString.h
#  Implicit rule search has not been done.
#  Modification time never checked.
#  File has not been updated.

# Not a target:
HeapTable.h:
#  Implicit rule search has not been done.
#  Modification time never checked.
 
#  File has not been updated.

# Not a target:
SQLExec.h:
#  Implicit rule search has not been done.
#  Modification time never checked.
#  File has not been updated.

# Not a target:
SlottedPage.h:
#  Implicit rule search has not been done.
#  Modification time never checked.
#  File has not been updated.

# Not a target:
schema_tables.h:
#  Implicit rule search has not been done.
#  Modification time never checked.
#  File has not been updated.

# files hash-table stats:
# Load=22/1024=2%, Rehash=0, Collisions=0/68=0%
# VPATH Search Paths

# No `vpath' search paths.

# No general (`VPATH' variable) search path.

# # of strings in strcache: 1
# # of strcache buffers: 1
# strcache size: total = 4096 / max = 4096 / min = 4096 / avg = 4096
# strcache free: total = 4087 / max = 4087 / min = 4087 / avg = 4087

# Finished Make data base on Tue May 24 18:23:38 2022

 
